<?xml version='1.0'?>
<KLEIO STRUCTURE="/Users/jrc/develop/timelink-kleio/tests/kleio-home/structures/gacto2.str" SOURCE="/Users/jrc/develop/timelink-kleio/tests/kleio-home/sources/test_translations/varia/test-atr-date.cli" TRANSLATOR="gactoxml2.str" WHEN="2023-12-30 10:4:0" OBS="" SPACE="">
<CLASS NAME="source" SUPER="entity" TABLE="sources" GROUP="fonte">
     <ATTRIBUTE NAME="id" COLUMN="id" CLASS="id" TYPE="varchar" SIZE="64" PRECISION="0" PKEY="1" ></ATTRIBUTE>
     <ATTRIBUTE NAME="date" COLUMN="the_date" CLASS="date" TYPE="varchar" SIZE="24" PRECISION="0" PKEY="0" ></ATTRIBUTE>
     <ATTRIBUTE NAME="type" COLUMN="the_type" CLASS="type" TYPE="varchar" SIZE="32" PRECISION="0" PKEY="0" ></ATTRIBUTE>
     <ATTRIBUTE NAME="value" COLUMN="the_value" CLASS="value" TYPE="varchar" SIZE="254" PRECISION="0" PKEY="0" ></ATTRIBUTE>
     <ATTRIBUTE NAME="loc" COLUMN="loc" CLASS="loc" TYPE="varchar" SIZE="64" PRECISION="0" PKEY="0" ></ATTRIBUTE>
     <ATTRIBUTE NAME="ref" COLUMN="ref" CLASS="ref" TYPE="varchar" SIZE="64" PRECISION="0" PKEY="0" ></ATTRIBUTE>
     <ATTRIBUTE NAME="kleiofile" COLUMN="kleiofile" CLASS="kleiofile" TYPE="varchar" SIZE="512" PRECISION="0" PKEY="0" ></ATTRIBUTE>
     <ATTRIBUTE NAME="obs" COLUMN="obs" CLASS="obs" TYPE="varchar" SIZE="16654" PRECISION="0" PKEY="0" ></ATTRIBUTE>
     <ATTRIBUTE NAME="replace" COLUMN="replaces" CLASS="replace" TYPE="varchar" SIZE="254" PRECISION="0" PKEY="0" ></ATTRIBUTE>
</CLASS>

<GROUP ID="test-atr-date" NAME="fonte" CLASS="source" ORDER="1" LEVEL="1" LINE="4">
    <ELEMENT NAME="line" CLASS="line"><core>4</core></ELEMENT>
    <ELEMENT NAME="id" CLASS="id"><core>test-atr-date</core></ELEMENT>
    <ELEMENT NAME="groupname" CLASS="groupname"><core>fonte</core></ELEMENT>
   <ELEMENT NAME="inside" CLASS="inside"><core>root</core></ELEMENT>
   <ELEMENT NAME="class" CLASS="class"><core>source</core></ELEMENT>
    <ELEMENT NAME="order" CLASS="order"><core>1</core></ELEMENT>
    <ELEMENT NAME="level" CLASS="level"><core>1</core></ELEMENT>
   <ELEMENT NAME="year" CLASS="undef">
         <core><![CDATA["PT/AUC/ELU/UC-AUC/B/001-001"]]></core>   </ELEMENT>
   <ELEMENT NAME="data" CLASS="date">
         <core><![CDATA[1537-00-00:1919-11-14]]></core>   </ELEMENT>
   <ELEMENT NAME="loc" CLASS="loc">
         <core><![CDATA[Arquivo da Universidade de Coimbra]]></core>   </ELEMENT>
   <ELEMENT NAME="tipo" CLASS="type">
         <core><![CDATA[teste]]></core>   </ELEMENT>
   <ELEMENT NAME="date" CLASS="date">
         <core><![CDATA[15370000.19191114]]></core>   </ELEMENT>
   <ELEMENT NAME="kleiofile" CLASS="kleiofile">
         <core><![CDATA[/Users/jrc/develop/timelink-kleio/tests/kleio-home/sources/test_translations/varia/test-atr-date.cli]]></core>   </ELEMENT>
</GROUP>
<CLASS NAME="act" SUPER="entity" TABLE="acts" GROUP="lista">
     <ATTRIBUTE NAME="id" COLUMN="id" CLASS="id" TYPE="varchar" SIZE="64" PRECISION="0" PKEY="1" ></ATTRIBUTE>
     <ATTRIBUTE NAME="date" COLUMN="the_date" CLASS="date" TYPE="varchar" SIZE="24" PRECISION="0" PKEY="0" ></ATTRIBUTE>
     <ATTRIBUTE NAME="type" COLUMN="the_type" CLASS="type" TYPE="varchar" SIZE="32" PRECISION="0" PKEY="0" ></ATTRIBUTE>
     <ATTRIBUTE NAME="loc" COLUMN="loc" CLASS="loc" TYPE="varchar" SIZE="64" PRECISION="0" PKEY="0" ></ATTRIBUTE>
     <ATTRIBUTE NAME="ref" COLUMN="ref" CLASS="ref" TYPE="varchar" SIZE="64" PRECISION="0" PKEY="0" ></ATTRIBUTE>
     <ATTRIBUTE NAME="obs" COLUMN="obs" CLASS="obs" TYPE="varchar" SIZE="16654" PRECISION="0" PKEY="0" ></ATTRIBUTE>
</CLASS>

<GROUP ID="lista-test-atr-dates" NAME="lista" CLASS="act" ORDER="2" LEVEL="2" LINE="6">
    <ELEMENT NAME="line" CLASS="line"><core>6</core></ELEMENT>
    <ELEMENT NAME="id" CLASS="id"><core>lista-test-atr-dates</core></ELEMENT>
    <ELEMENT NAME="groupname" CLASS="groupname"><core>lista</core></ELEMENT>
   <ELEMENT NAME="inside" CLASS="inside"><core>test-atr-date</core></ELEMENT>
   <ELEMENT NAME="class" CLASS="class"><core>act</core></ELEMENT>
    <ELEMENT NAME="order" CLASS="order"><core>2</core></ELEMENT>
    <ELEMENT NAME="level" CLASS="level"><core>2</core></ELEMENT>
   <ELEMENT NAME="dia" CLASS="undef">
         <core><![CDATA[11]]></core>   </ELEMENT>
   <ELEMENT NAME="mes" CLASS="undef">
         <core><![CDATA[02]]></core>   </ELEMENT>
   <ELEMENT NAME="ano" CLASS="undef">
         <core><![CDATA[2020]]></core>   </ELEMENT>
   <ELEMENT NAME="loc" CLASS="loc">
         <core><![CDATA[A]]></core>   </ELEMENT>
   <ELEMENT NAME="obs" CLASS="obs">
         <core><![CDATA[Exemplo de registos com datas nos atributos]]></core>   </ELEMENT>
   <ELEMENT NAME="date" CLASS="date">
         <core><![CDATA[20200211]]></core>   </ELEMENT>
   <ELEMENT NAME="type" CLASS="type">
         <core><![CDATA[lista]]></core>   </ELEMENT>
</GROUP>
<CLASS NAME="person" SUPER="entity" TABLE="persons" GROUP="n">
     <ATTRIBUTE NAME="id" COLUMN="id" CLASS="id" TYPE="varchar" SIZE="64" PRECISION="0" PKEY="1" ></ATTRIBUTE>
     <ATTRIBUTE NAME="name" COLUMN="name" CLASS="name" TYPE="varchar" SIZE="128" PRECISION="0" PKEY="0" ></ATTRIBUTE>
     <ATTRIBUTE NAME="sex" COLUMN="sex" CLASS="sex" TYPE="char" SIZE="1" PRECISION="0" PKEY="0" ></ATTRIBUTE>
     <ATTRIBUTE NAME="obs" COLUMN="obs" CLASS="obs" TYPE="varchar" SIZE="16654" PRECISION="0" PKEY="0" ></ATTRIBUTE>
</CLASS>

<GROUP ID="t140337" NAME="n" CLASS="person" ORDER="3" LEVEL="3" LINE="7">
    <ELEMENT NAME="line" CLASS="line"><core>7</core></ELEMENT>
    <ELEMENT NAME="id" CLASS="id"><core>t140337</core></ELEMENT>
    <ELEMENT NAME="groupname" CLASS="groupname"><core>n</core></ELEMENT>
   <ELEMENT NAME="inside" CLASS="inside"><core>lista-test-atr-dates</core></ELEMENT>
   <ELEMENT NAME="class" CLASS="class"><core>person</core></ELEMENT>
    <ELEMENT NAME="order" CLASS="order"><core>3</core></ELEMENT>
    <ELEMENT NAME="level" CLASS="level"><core>3</core></ELEMENT>
   <ELEMENT NAME="nome" CLASS="name">
         <core><![CDATA[António Pinto Abadeço]]></core>   </ELEMENT>
   <ELEMENT NAME="sexo" CLASS="sex">
         <core><![CDATA[m]]></core>   </ELEMENT>
   <ELEMENT NAME="sex" CLASS="sex">
         <core><![CDATA[m]]></core>   </ELEMENT>
</GROUP>
<CLASS NAME="relation" SUPER="entity" TABLE="relations" GROUP="relation">
     <ATTRIBUTE NAME="id" COLUMN="id" CLASS="id" TYPE="varchar" SIZE="64" PRECISION="0" PKEY="1" ></ATTRIBUTE>
     <ATTRIBUTE NAME="date" COLUMN="the_date" CLASS="date" TYPE="varchar" SIZE="24" PRECISION="0" PKEY="0" ></ATTRIBUTE>
     <ATTRIBUTE NAME="origin" COLUMN="origin" CLASS="origin" TYPE="varchar" SIZE="64" PRECISION="0" PKEY="0" ></ATTRIBUTE>
     <ATTRIBUTE NAME="destination" COLUMN="destination" CLASS="destination" TYPE="varchar" SIZE="64" PRECISION="0" PKEY="0" ></ATTRIBUTE>
     <ATTRIBUTE NAME="type" COLUMN="the_type" CLASS="type" TYPE="varchar" SIZE="32" PRECISION="0" PKEY="0" ></ATTRIBUTE>
     <ATTRIBUTE NAME="value" COLUMN="the_value" CLASS="value" TYPE="varchar" SIZE="254" PRECISION="0" PKEY="0" ></ATTRIBUTE>
     <ATTRIBUTE NAME="obs" COLUMN="obs" CLASS="obs" TYPE="varchar" SIZE="16654" PRECISION="0" PKEY="0" ></ATTRIBUTE>
</CLASS>

<GROUP ID="lista-test-atr-dates-rela1" NAME="relation"  ORDER="4" LEVEL="4" CLASS="relation" LINE="7">
    <ELEMENT NAME="line" CLASS="line"><core>7</core></ELEMENT>
    <ELEMENT NAME="groupname" CLASS="groupname"><core>relation</core></ELEMENT>
    <ELEMENT NAME="inside" CLASS="inside"><core>t140337</core></ELEMENT>
    <ELEMENT NAME="class" CLASS="class"><core>relation</core></ELEMENT>
    <ELEMENT NAME="order" CLASS="order"><core>4</core></ELEMENT>
    <ELEMENT NAME="level" CLASS="level"><core>4</core></ELEMENT>
    <ELEMENT NAME="type" CLASS="type"><core>function-in-act</core></ELEMENT>
    <ELEMENT NAME="value" CLASS="value"><core>n</core></ELEMENT>
    <ELEMENT NAME="destname" CLASS="destname"><core>lista</core></ELEMENT>
    <ELEMENT NAME="origin" CLASS="origin"><core>t140337</core></ELEMENT>
    <ELEMENT NAME="destination" CLASS="destination"><core>lista-test-atr-dates</core></ELEMENT>
    <ELEMENT NAME="id" CLASS="id"><core>lista-test-atr-dates-rela1</core></ELEMENT>
    <ELEMENT NAME="date" CLASS="date"><core>20200211</core></ELEMENT>
</GROUP><CLASS NAME="attribute" SUPER="entity" TABLE="attributes" GROUP="atr">
     <ATTRIBUTE NAME="id" COLUMN="id" CLASS="id" TYPE="varchar" SIZE="64" PRECISION="0" PKEY="1" ></ATTRIBUTE>
     <ATTRIBUTE NAME="entity" COLUMN="entity" CLASS="entity" TYPE="varchar" SIZE="64" PRECISION="0" PKEY="0" ></ATTRIBUTE>
     <ATTRIBUTE NAME="date" COLUMN="the_date" CLASS="date" TYPE="varchar" SIZE="24" PRECISION="0" PKEY="0" ></ATTRIBUTE>
     <ATTRIBUTE NAME="type" COLUMN="the_type" CLASS="type" TYPE="varchar" SIZE="512" PRECISION="0" PKEY="0" ></ATTRIBUTE>
     <ATTRIBUTE NAME="value" COLUMN="the_value" CLASS="value" TYPE="varchar" SIZE="1024" PRECISION="0" PKEY="0" ></ATTRIBUTE>
     <ATTRIBUTE NAME="obs" COLUMN="obs" CLASS="obs" TYPE="varchar" SIZE="16654" PRECISION="0" PKEY="0" ></ATTRIBUTE>
</CLASS>

<GROUP ID="t140337-att1-3" NAME="atr" CLASS="attribute" ORDER="5" LEVEL="4" LINE="8">
    <ELEMENT NAME="line" CLASS="line"><core>8</core></ELEMENT>
    <ELEMENT NAME="id" CLASS="id"><core>t140337-att1-3</core></ELEMENT>
    <ELEMENT NAME="groupname" CLASS="groupname"><core>atr</core></ELEMENT>
   <ELEMENT NAME="inside" CLASS="inside"><core>t140337</core></ELEMENT>
   <ELEMENT NAME="class" CLASS="class"><core>attribute</core></ELEMENT>
    <ELEMENT NAME="order" CLASS="order"><core>5</core></ELEMENT>
    <ELEMENT NAME="level" CLASS="level"><core>4</core></ELEMENT>
   <ELEMENT NAME="tipo" CLASS="type">
         <core><![CDATA[código-de-referência]]></core>   </ELEMENT>
   <ELEMENT NAME="valor" CLASS="value">
         <core><![CDATA["PT/AUC/ELU/UC-AUC/B/001-001/A/000001"]]></core>   </ELEMENT>
   <ELEMENT NAME="id" CLASS="id">
         <core><![CDATA[t140337-att1-3]]></core>   </ELEMENT>
   <ELEMENT NAME="entity" CLASS="entity">
         <core><![CDATA[t140337]]></core>   </ELEMENT>
   <ELEMENT NAME="date" CLASS="date">
         <core><![CDATA[20200211]]></core>   </ELEMENT>
</GROUP>

<GROUP ID="t140337-att2-3" NAME="atr" CLASS="attribute" ORDER="6" LEVEL="4" LINE="9">
    <ELEMENT NAME="line" CLASS="line"><core>9</core></ELEMENT>
    <ELEMENT NAME="id" CLASS="id"><core>t140337-att2-3</core></ELEMENT>
    <ELEMENT NAME="groupname" CLASS="groupname"><core>atr</core></ELEMENT>
   <ELEMENT NAME="inside" CLASS="inside"><core>t140337</core></ELEMENT>
   <ELEMENT NAME="class" CLASS="class"><core>attribute</core></ELEMENT>
    <ELEMENT NAME="order" CLASS="order"><core>6</core></ELEMENT>
    <ELEMENT NAME="level" CLASS="level"><core>4</core></ELEMENT>
   <ELEMENT NAME="tipo" CLASS="type">
         <core><![CDATA[data-do-registo]]></core>   </ELEMENT>
   <ELEMENT NAME="valor" CLASS="value">
         <core><![CDATA[2018-04-19 14:32:42]]></core>   </ELEMENT>
   <ELEMENT NAME="id" CLASS="id">
         <core><![CDATA[t140337-att2-3]]></core>   </ELEMENT>
   <ELEMENT NAME="entity" CLASS="entity">
         <core><![CDATA[t140337]]></core>   </ELEMENT>
   <ELEMENT NAME="date" CLASS="date">
         <core><![CDATA[20200211]]></core>   </ELEMENT>
</GROUP>

<GROUP ID="t140337-att3-3" NAME="atr" CLASS="attribute" ORDER="7" LEVEL="4" LINE="10">
    <ELEMENT NAME="line" CLASS="line"><core>10</core></ELEMENT>
    <ELEMENT NAME="id" CLASS="id"><core>t140337-att3-3</core></ELEMENT>
    <ELEMENT NAME="groupname" CLASS="groupname"><core>atr</core></ELEMENT>
   <ELEMENT NAME="inside" CLASS="inside"><core>t140337</core></ELEMENT>
   <ELEMENT NAME="class" CLASS="class"><core>attribute</core></ELEMENT>
    <ELEMENT NAME="order" CLASS="order"><core>7</core></ELEMENT>
    <ELEMENT NAME="level" CLASS="level"><core>4</core></ELEMENT>
   <ELEMENT NAME="tipo" CLASS="type">
         <core><![CDATA[url]]></core>   </ELEMENT>
   <ELEMENT NAME="valor" CLASS="value">
         <core><![CDATA["https://pesquisa.auc.uc.pt/details?id=140337"]]></core>   </ELEMENT>
   <ELEMENT NAME="id" CLASS="id">
         <core><![CDATA[t140337-att3-3]]></core>   </ELEMENT>
   <ELEMENT NAME="entity" CLASS="entity">
         <core><![CDATA[t140337]]></core>   </ELEMENT>
   <ELEMENT NAME="date" CLASS="date">
         <core><![CDATA[20200211]]></core>   </ELEMENT>
</GROUP>

<GROUP ID="t140337-att4-3" NAME="ls" CLASS="attribute" ORDER="8" LEVEL="4" LINE="11">
    <ELEMENT NAME="line" CLASS="line"><core>11</core></ELEMENT>
    <ELEMENT NAME="id" CLASS="id"><core>t140337-att4-3</core></ELEMENT>
    <ELEMENT NAME="groupname" CLASS="groupname"><core>ls</core></ELEMENT>
   <ELEMENT NAME="inside" CLASS="inside"><core>t140337</core></ELEMENT>
   <ELEMENT NAME="class" CLASS="class"><core>attribute</core></ELEMENT>
    <ELEMENT NAME="order" CLASS="order"><core>8</core></ELEMENT>
    <ELEMENT NAME="level" CLASS="level"><core>4</core></ELEMENT>
   <ELEMENT NAME="tipo" CLASS="type">
         <core><![CDATA[uc.entrada]]></core>   </ELEMENT>
   <ELEMENT NAME="valor" CLASS="value">
         <core><![CDATA[1705-10-01]]></core>   </ELEMENT>
   <ELEMENT NAME="data" CLASS="date">
         <core><![CDATA[1705-10-01]]></core>   </ELEMENT>
   <ELEMENT NAME="id" CLASS="id">
         <core><![CDATA[t140337-att4-3]]></core>   </ELEMENT>
   <ELEMENT NAME="entity" CLASS="entity">
         <core><![CDATA[t140337]]></core>   </ELEMENT>
</GROUP>

<GROUP ID="t140337-att5-3" NAME="ls" CLASS="attribute" ORDER="9" LEVEL="4" LINE="12">
    <ELEMENT NAME="line" CLASS="line"><core>12</core></ELEMENT>
    <ELEMENT NAME="id" CLASS="id"><core>t140337-att5-3</core></ELEMENT>
    <ELEMENT NAME="groupname" CLASS="groupname"><core>ls</core></ELEMENT>
   <ELEMENT NAME="inside" CLASS="inside"><core>t140337</core></ELEMENT>
   <ELEMENT NAME="class" CLASS="class"><core>attribute</core></ELEMENT>
    <ELEMENT NAME="order" CLASS="order"><core>9</core></ELEMENT>
    <ELEMENT NAME="level" CLASS="level"><core>4</core></ELEMENT>
   <ELEMENT NAME="tipo" CLASS="type">
         <core><![CDATA[uc.saida]]></core>   </ELEMENT>
   <ELEMENT NAME="valor" CLASS="value">
         <core><![CDATA[1710-10-01]]></core>   </ELEMENT>
   <ELEMENT NAME="data" CLASS="date">
         <core><![CDATA[1710-10-01]]></core>   </ELEMENT>
   <ELEMENT NAME="id" CLASS="id">
         <core><![CDATA[t140337-att5-3]]></core>   </ELEMENT>
   <ELEMENT NAME="entity" CLASS="entity">
         <core><![CDATA[t140337]]></core>   </ELEMENT>
</GROUP>

<GROUP ID="t140337-att6-3" NAME="ls" CLASS="attribute" ORDER="10" LEVEL="4" LINE="13">
    <ELEMENT NAME="line" CLASS="line"><core>13</core></ELEMENT>
    <ELEMENT NAME="id" CLASS="id"><core>t140337-att6-3</core></ELEMENT>
    <ELEMENT NAME="groupname" CLASS="groupname"><core>ls</core></ELEMENT>
   <ELEMENT NAME="inside" CLASS="inside"><core>t140337</core></ELEMENT>
   <ELEMENT NAME="class" CLASS="class"><core>attribute</core></ELEMENT>
    <ELEMENT NAME="order" CLASS="order"><core>10</core></ELEMENT>
    <ELEMENT NAME="level" CLASS="level"><core>4</core></ELEMENT>
   <ELEMENT NAME="tipo" CLASS="type">
         <core><![CDATA[uc.estadia]]></core>   </ELEMENT>
   <ELEMENT NAME="valor" CLASS="value">
         <core><![CDATA[1705-10-01:1710-10-01]]></core>   </ELEMENT>
   <ELEMENT NAME="id" CLASS="id">
         <core><![CDATA[t140337-att6-3]]></core>   </ELEMENT>
   <ELEMENT NAME="entity" CLASS="entity">
         <core><![CDATA[t140337]]></core>   </ELEMENT>
   <ELEMENT NAME="date" CLASS="date">
         <core><![CDATA[20200211]]></core>   </ELEMENT>
</GROUP>

<GROUP ID="t140337-att7-3" NAME="ls" CLASS="attribute" ORDER="11" LEVEL="4" LINE="14">
    <ELEMENT NAME="line" CLASS="line"><core>14</core></ELEMENT>
    <ELEMENT NAME="id" CLASS="id"><core>t140337-att7-3</core></ELEMENT>
    <ELEMENT NAME="groupname" CLASS="groupname"><core>ls</core></ELEMENT>
   <ELEMENT NAME="inside" CLASS="inside"><core>t140337</core></ELEMENT>
   <ELEMENT NAME="class" CLASS="class"><core>attribute</core></ELEMENT>
    <ELEMENT NAME="order" CLASS="order"><core>11</core></ELEMENT>
    <ELEMENT NAME="level" CLASS="level"><core>4</core></ELEMENT>
   <ELEMENT NAME="tipo" CLASS="type">
         <core><![CDATA[uc.entrada.ano]]></core>   </ELEMENT>
   <ELEMENT NAME="valor" CLASS="value">
         <core><![CDATA[1705]]></core>   </ELEMENT>
   <ELEMENT NAME="data" CLASS="date">
         <core><![CDATA[1705-10-01]]></core>   </ELEMENT>
   <ELEMENT NAME="id" CLASS="id">
         <core><![CDATA[t140337-att7-3]]></core>   </ELEMENT>
   <ELEMENT NAME="entity" CLASS="entity">
         <core><![CDATA[t140337]]></core>   </ELEMENT>
</GROUP>

<GROUP ID="t140337-att8-3" NAME="ls" CLASS="attribute" ORDER="12" LEVEL="4" LINE="15">
    <ELEMENT NAME="line" CLASS="line"><core>15</core></ELEMENT>
    <ELEMENT NAME="id" CLASS="id"><core>t140337-att8-3</core></ELEMENT>
    <ELEMENT NAME="groupname" CLASS="groupname"><core>ls</core></ELEMENT>
   <ELEMENT NAME="inside" CLASS="inside"><core>t140337</core></ELEMENT>
   <ELEMENT NAME="class" CLASS="class"><core>attribute</core></ELEMENT>
    <ELEMENT NAME="order" CLASS="order"><core>12</core></ELEMENT>
    <ELEMENT NAME="level" CLASS="level"><core>4</core></ELEMENT>
   <ELEMENT NAME="tipo" CLASS="type">
         <core><![CDATA[uc.saida.ano]]></core>   </ELEMENT>
   <ELEMENT NAME="valor" CLASS="value">
         <core><![CDATA[1710]]></core>   </ELEMENT>
   <ELEMENT NAME="data" CLASS="date">
         <core><![CDATA[1710-10-01]]></core>   </ELEMENT>
   <ELEMENT NAME="id" CLASS="id">
         <core><![CDATA[t140337-att8-3]]></core>   </ELEMENT>
   <ELEMENT NAME="entity" CLASS="entity">
         <core><![CDATA[t140337]]></core>   </ELEMENT>
</GROUP>

<GROUP ID="t140337-att9-3" NAME="ls" CLASS="attribute" ORDER="13" LEVEL="4" LINE="16">
    <ELEMENT NAME="line" CLASS="line"><core>16</core></ELEMENT>
    <ELEMENT NAME="id" CLASS="id"><core>t140337-att9-3</core></ELEMENT>
    <ELEMENT NAME="groupname" CLASS="groupname"><core>ls</core></ELEMENT>
   <ELEMENT NAME="inside" CLASS="inside"><core>t140337</core></ELEMENT>
   <ELEMENT NAME="class" CLASS="class"><core>attribute</core></ELEMENT>
    <ELEMENT NAME="order" CLASS="order"><core>13</core></ELEMENT>
    <ELEMENT NAME="level" CLASS="level"><core>4</core></ELEMENT>
   <ELEMENT NAME="tipo" CLASS="type">
         <core><![CDATA[nome]]></core>   </ELEMENT>
   <ELEMENT NAME="valor" CLASS="value">
         <core><![CDATA[António Pinto Abadeço]]></core>   </ELEMENT>
   <ELEMENT NAME="data" CLASS="date">
         <core><![CDATA[1705-10-01]]></core>   </ELEMENT>
   <ELEMENT NAME="id" CLASS="id">
         <core><![CDATA[t140337-att9-3]]></core>   </ELEMENT>
   <ELEMENT NAME="entity" CLASS="entity">
         <core><![CDATA[t140337]]></core>   </ELEMENT>
</GROUP>

<GROUP ID="t140337-att10-3" NAME="ls" CLASS="attribute" ORDER="14" LEVEL="4" LINE="17">
    <ELEMENT NAME="line" CLASS="line"><core>17</core></ELEMENT>
    <ELEMENT NAME="id" CLASS="id"><core>t140337-att10-3</core></ELEMENT>
    <ELEMENT NAME="groupname" CLASS="groupname"><core>ls</core></ELEMENT>
   <ELEMENT NAME="inside" CLASS="inside"><core>t140337</core></ELEMENT>
   <ELEMENT NAME="class" CLASS="class"><core>attribute</core></ELEMENT>
    <ELEMENT NAME="order" CLASS="order"><core>14</core></ELEMENT>
    <ELEMENT NAME="level" CLASS="level"><core>4</core></ELEMENT>
   <ELEMENT NAME="tipo" CLASS="type">
         <core><![CDATA[nome.primeiro]]></core>   </ELEMENT>
   <ELEMENT NAME="valor" CLASS="value">
         <core><![CDATA[António]]></core>   </ELEMENT>
   <ELEMENT NAME="data" CLASS="date">
         <core><![CDATA[1705-10-01]]></core>   </ELEMENT>
   <ELEMENT NAME="id" CLASS="id">
         <core><![CDATA[t140337-att10-3]]></core>   </ELEMENT>
   <ELEMENT NAME="entity" CLASS="entity">
         <core><![CDATA[t140337]]></core>   </ELEMENT>
</GROUP>

<GROUP ID="t140337-att11-3" NAME="ls" CLASS="attribute" ORDER="15" LEVEL="4" LINE="18">
    <ELEMENT NAME="line" CLASS="line"><core>18</core></ELEMENT>
    <ELEMENT NAME="id" CLASS="id"><core>t140337-att11-3</core></ELEMENT>
    <ELEMENT NAME="groupname" CLASS="groupname"><core>ls</core></ELEMENT>
   <ELEMENT NAME="inside" CLASS="inside"><core>t140337</core></ELEMENT>
   <ELEMENT NAME="class" CLASS="class"><core>attribute</core></ELEMENT>
    <ELEMENT NAME="order" CLASS="order"><core>15</core></ELEMENT>
    <ELEMENT NAME="level" CLASS="level"><core>4</core></ELEMENT>
   <ELEMENT NAME="tipo" CLASS="type">
         <core><![CDATA[nome.apelido]]></core>   </ELEMENT>
   <ELEMENT NAME="valor" CLASS="value">
         <core><![CDATA[Pinto Abadeço]]></core>   </ELEMENT>
   <ELEMENT NAME="data" CLASS="date">
         <core><![CDATA[1705-10-01]]></core>   </ELEMENT>
   <ELEMENT NAME="id" CLASS="id">
         <core><![CDATA[t140337-att11-3]]></core>   </ELEMENT>
   <ELEMENT NAME="entity" CLASS="entity">
         <core><![CDATA[t140337]]></core>   </ELEMENT>
</GROUP>

<GROUP ID="t140337-att12-3" NAME="ls" CLASS="attribute" ORDER="16" LEVEL="4" LINE="19">
    <ELEMENT NAME="line" CLASS="line"><core>19</core></ELEMENT>
    <ELEMENT NAME="id" CLASS="id"><core>t140337-att12-3</core></ELEMENT>
    <ELEMENT NAME="groupname" CLASS="groupname"><core>ls</core></ELEMENT>
   <ELEMENT NAME="inside" CLASS="inside"><core>t140337</core></ELEMENT>
   <ELEMENT NAME="class" CLASS="class"><core>attribute</core></ELEMENT>
    <ELEMENT NAME="order" CLASS="order"><core>16</core></ELEMENT>
    <ELEMENT NAME="level" CLASS="level"><core>4</core></ELEMENT>
   <ELEMENT NAME="tipo" CLASS="type">
         <core><![CDATA[nome.apelido]]></core>   </ELEMENT>
   <ELEMENT NAME="valor" CLASS="value">
         <core><![CDATA[Abadeço]]></core>   </ELEMENT>
   <ELEMENT NAME="data" CLASS="date">
         <core><![CDATA[1705-10-01]]></core>   </ELEMENT>
   <ELEMENT NAME="id" CLASS="id">
         <core><![CDATA[t140337-att12-3]]></core>   </ELEMENT>
   <ELEMENT NAME="entity" CLASS="entity">
         <core><![CDATA[t140337]]></core>   </ELEMENT>
</GROUP>

<GROUP ID="t140337-att13-3" NAME="ls" CLASS="attribute" ORDER="17" LEVEL="4" LINE="20">
    <ELEMENT NAME="line" CLASS="line"><core>20</core></ELEMENT>
    <ELEMENT NAME="id" CLASS="id"><core>t140337-att13-3</core></ELEMENT>
    <ELEMENT NAME="groupname" CLASS="groupname"><core>ls</core></ELEMENT>
   <ELEMENT NAME="inside" CLASS="inside"><core>t140337</core></ELEMENT>
   <ELEMENT NAME="class" CLASS="class"><core>attribute</core></ELEMENT>
    <ELEMENT NAME="order" CLASS="order"><core>17</core></ELEMENT>
    <ELEMENT NAME="level" CLASS="level"><core>4</core></ELEMENT>
   <ELEMENT NAME="tipo" CLASS="type">
         <core><![CDATA[naturalidade]]></core>   </ELEMENT>
   <ELEMENT NAME="valor" CLASS="value">
         <core><![CDATA[Abrantes]]></core>   </ELEMENT>
   <ELEMENT NAME="data" CLASS="date">
         <core><![CDATA[1705-10-01]]></core>   </ELEMENT>
   <ELEMENT NAME="id" CLASS="id">
         <core><![CDATA[t140337-att13-3]]></core>   </ELEMENT>
   <ELEMENT NAME="entity" CLASS="entity">
         <core><![CDATA[t140337]]></core>   </ELEMENT>
</GROUP>

<GROUP ID="t140337-att14-3" NAME="ls" CLASS="attribute" ORDER="18" LEVEL="4" LINE="21">
    <ELEMENT NAME="line" CLASS="line"><core>21</core></ELEMENT>
    <ELEMENT NAME="id" CLASS="id"><core>t140337-att14-3</core></ELEMENT>
    <ELEMENT NAME="groupname" CLASS="groupname"><core>ls</core></ELEMENT>
   <ELEMENT NAME="inside" CLASS="inside"><core>t140337</core></ELEMENT>
   <ELEMENT NAME="class" CLASS="class"><core>attribute</core></ELEMENT>
    <ELEMENT NAME="order" CLASS="order"><core>18</core></ELEMENT>
    <ELEMENT NAME="level" CLASS="level"><core>4</core></ELEMENT>
   <ELEMENT NAME="tipo" CLASS="type">
         <core><![CDATA[naturalidade.ano]]></core>   </ELEMENT>
   <ELEMENT NAME="valor" CLASS="value">
         <core><![CDATA[Abrantes.1705]]></core>   </ELEMENT>
   <ELEMENT NAME="data" CLASS="date">
         <core><![CDATA[1705-10-01]]></core>   </ELEMENT>
   <ELEMENT NAME="id" CLASS="id">
         <core><![CDATA[t140337-att14-3]]></core>   </ELEMENT>
   <ELEMENT NAME="entity" CLASS="entity">
         <core><![CDATA[t140337]]></core>   </ELEMENT>
</GROUP>

<GROUP ID="t140337-att15-3" NAME="ls" CLASS="attribute" ORDER="19" LEVEL="4" LINE="22">
    <ELEMENT NAME="line" CLASS="line"><core>22</core></ELEMENT>
    <ELEMENT NAME="id" CLASS="id"><core>t140337-att15-3</core></ELEMENT>
    <ELEMENT NAME="groupname" CLASS="groupname"><core>ls</core></ELEMENT>
   <ELEMENT NAME="inside" CLASS="inside"><core>t140337</core></ELEMENT>
   <ELEMENT NAME="class" CLASS="class"><core>attribute</core></ELEMENT>
    <ELEMENT NAME="order" CLASS="order"><core>19</core></ELEMENT>
    <ELEMENT NAME="level" CLASS="level"><core>4</core></ELEMENT>
   <ELEMENT NAME="tipo" CLASS="type">
         <core><![CDATA[nome-geografico]]></core>   </ELEMENT>
   <ELEMENT NAME="valor" CLASS="value">
         <core><![CDATA[Abrantes]]></core>   </ELEMENT>
   <ELEMENT NAME="data" CLASS="date">
         <core><![CDATA[1705-10-01]]></core>   </ELEMENT>
   <ELEMENT NAME="id" CLASS="id">
         <core><![CDATA[t140337-att15-3]]></core>   </ELEMENT>
   <ELEMENT NAME="entity" CLASS="entity">
         <core><![CDATA[t140337]]></core>   </ELEMENT>
</GROUP>

<GROUP ID="t140337-att16-3" NAME="ls" CLASS="attribute" ORDER="20" LEVEL="4" LINE="23">
    <ELEMENT NAME="line" CLASS="line"><core>23</core></ELEMENT>
    <ELEMENT NAME="id" CLASS="id"><core>t140337-att16-3</core></ELEMENT>
    <ELEMENT NAME="groupname" CLASS="groupname"><core>ls</core></ELEMENT>
   <ELEMENT NAME="inside" CLASS="inside"><core>t140337</core></ELEMENT>
   <ELEMENT NAME="class" CLASS="class"><core>attribute</core></ELEMENT>
    <ELEMENT NAME="order" CLASS="order"><core>20</core></ELEMENT>
    <ELEMENT NAME="level" CLASS="level"><core>4</core></ELEMENT>
   <ELEMENT NAME="tipo" CLASS="type">
         <core><![CDATA[nome-geografico.ano]]></core>   </ELEMENT>
   <ELEMENT NAME="valor" CLASS="value">
         <core><![CDATA[Abrantes.1705]]></core>   </ELEMENT>
   <ELEMENT NAME="data" CLASS="date">
         <core><![CDATA[1705-10-01]]></core>   </ELEMENT>
   <ELEMENT NAME="id" CLASS="id">
         <core><![CDATA[t140337-att16-3]]></core>   </ELEMENT>
   <ELEMENT NAME="entity" CLASS="entity">
         <core><![CDATA[t140337]]></core>   </ELEMENT>
</GROUP>

<GROUP ID="t140337-att17-3" NAME="ls" CLASS="attribute" ORDER="21" LEVEL="4" LINE="24">
    <ELEMENT NAME="line" CLASS="line"><core>24</core></ELEMENT>
    <ELEMENT NAME="id" CLASS="id"><core>t140337-att17-3</core></ELEMENT>
    <ELEMENT NAME="groupname" CLASS="groupname"><core>ls</core></ELEMENT>
   <ELEMENT NAME="inside" CLASS="inside"><core>t140337</core></ELEMENT>
   <ELEMENT NAME="class" CLASS="class"><core>attribute</core></ELEMENT>
    <ELEMENT NAME="order" CLASS="order"><core>21</core></ELEMENT>
    <ELEMENT NAME="level" CLASS="level"><core>4</core></ELEMENT>
   <ELEMENT NAME="tipo" CLASS="type">
         <core><![CDATA[faculdade]]></core>   </ELEMENT>
   <ELEMENT NAME="valor" CLASS="value">
         <core><![CDATA[Cânones]]></core>   </ELEMENT>
   <ELEMENT NAME="data" CLASS="date">
         <core><![CDATA[1705-10-01]]></core>   </ELEMENT>
   <ELEMENT NAME="id" CLASS="id">
         <core><![CDATA[t140337-att17-3]]></core>   </ELEMENT>
   <ELEMENT NAME="entity" CLASS="entity">
         <core><![CDATA[t140337]]></core>   </ELEMENT>
</GROUP>

<GROUP ID="t140337-att18-3" NAME="ls" CLASS="attribute" ORDER="22" LEVEL="4" LINE="25">
    <ELEMENT NAME="line" CLASS="line"><core>25</core></ELEMENT>
    <ELEMENT NAME="id" CLASS="id"><core>t140337-att18-3</core></ELEMENT>
    <ELEMENT NAME="groupname" CLASS="groupname"><core>ls</core></ELEMENT>
   <ELEMENT NAME="inside" CLASS="inside"><core>t140337</core></ELEMENT>
   <ELEMENT NAME="class" CLASS="class"><core>attribute</core></ELEMENT>
    <ELEMENT NAME="order" CLASS="order"><core>22</core></ELEMENT>
    <ELEMENT NAME="level" CLASS="level"><core>4</core></ELEMENT>
   <ELEMENT NAME="tipo" CLASS="type">
         <core><![CDATA[faculdade.ano]]></core>   </ELEMENT>
   <ELEMENT NAME="valor" CLASS="value">
         <core><![CDATA[Cânones.1705]]></core>   </ELEMENT>
   <ELEMENT NAME="data" CLASS="date">
         <core><![CDATA[1705-10-01]]></core>   </ELEMENT>
   <ELEMENT NAME="id" CLASS="id">
         <core><![CDATA[t140337-att18-3]]></core>   </ELEMENT>
   <ELEMENT NAME="entity" CLASS="entity">
         <core><![CDATA[t140337]]></core>   </ELEMENT>
</GROUP>

<GROUP ID="t140337-att19-3" NAME="ls" CLASS="attribute" ORDER="23" LEVEL="4" LINE="26">
    <ELEMENT NAME="line" CLASS="line"><core>26</core></ELEMENT>
    <ELEMENT NAME="id" CLASS="id"><core>t140337-att19-3</core></ELEMENT>
    <ELEMENT NAME="groupname" CLASS="groupname"><core>ls</core></ELEMENT>
   <ELEMENT NAME="inside" CLASS="inside"><core>t140337</core></ELEMENT>
   <ELEMENT NAME="class" CLASS="class"><core>attribute</core></ELEMENT>
    <ELEMENT NAME="order" CLASS="order"><core>23</core></ELEMENT>
    <ELEMENT NAME="level" CLASS="level"><core>4</core></ELEMENT>
   <ELEMENT NAME="tipo" CLASS="type">
         <core><![CDATA[matricula]]></core>   </ELEMENT>
   <ELEMENT NAME="valor" CLASS="value">
         <core><![CDATA[Cânones]]></core>   </ELEMENT>
   <ELEMENT NAME="data" CLASS="date">
         <core><![CDATA[1705-10-01]]></core>   </ELEMENT>
   <ELEMENT NAME="obs" CLASS="obs">
         <core><![CDATA[01.10.1705]]></core>   </ELEMENT>
   <ELEMENT NAME="id" CLASS="id">
         <core><![CDATA[t140337-att19-3]]></core>   </ELEMENT>
   <ELEMENT NAME="entity" CLASS="entity">
         <core><![CDATA[t140337]]></core>   </ELEMENT>
</GROUP>

<GROUP ID="t140337-att20-3" NAME="ls" CLASS="attribute" ORDER="24" LEVEL="4" LINE="27">
    <ELEMENT NAME="line" CLASS="line"><core>27</core></ELEMENT>
    <ELEMENT NAME="id" CLASS="id"><core>t140337-att20-3</core></ELEMENT>
    <ELEMENT NAME="groupname" CLASS="groupname"><core>ls</core></ELEMENT>
   <ELEMENT NAME="inside" CLASS="inside"><core>t140337</core></ELEMENT>
   <ELEMENT NAME="class" CLASS="class"><core>attribute</core></ELEMENT>
    <ELEMENT NAME="order" CLASS="order"><core>24</core></ELEMENT>
    <ELEMENT NAME="level" CLASS="level"><core>4</core></ELEMENT>
   <ELEMENT NAME="tipo" CLASS="type">
         <core><![CDATA[matricula.ano]]></core>   </ELEMENT>
   <ELEMENT NAME="valor" CLASS="value">
         <core><![CDATA[Cânones.1705]]></core>   </ELEMENT>
   <ELEMENT NAME="data" CLASS="date">
         <core><![CDATA[1705-10-01]]></core>   </ELEMENT>
   <ELEMENT NAME="obs" CLASS="obs">
         <core><![CDATA[01.10.1705]]></core>   </ELEMENT>
   <ELEMENT NAME="id" CLASS="id">
         <core><![CDATA[t140337-att20-3]]></core>   </ELEMENT>
   <ELEMENT NAME="entity" CLASS="entity">
         <core><![CDATA[t140337]]></core>   </ELEMENT>
</GROUP>

<GROUP ID="t140337-att21-3" NAME="ls" CLASS="attribute" ORDER="25" LEVEL="4" LINE="28">
    <ELEMENT NAME="line" CLASS="line"><core>28</core></ELEMENT>
    <ELEMENT NAME="id" CLASS="id"><core>t140337-att21-3</core></ELEMENT>
    <ELEMENT NAME="groupname" CLASS="groupname"><core>ls</core></ELEMENT>
   <ELEMENT NAME="inside" CLASS="inside"><core>t140337</core></ELEMENT>
   <ELEMENT NAME="class" CLASS="class"><core>attribute</core></ELEMENT>
    <ELEMENT NAME="order" CLASS="order"><core>25</core></ELEMENT>
    <ELEMENT NAME="level" CLASS="level"><core>4</core></ELEMENT>
   <ELEMENT NAME="tipo" CLASS="type">
         <core><![CDATA[matricula]]></core>   </ELEMENT>
   <ELEMENT NAME="valor" CLASS="value">
         <core><![CDATA[Cânones]]></core>   </ELEMENT>
   <ELEMENT NAME="data" CLASS="date">
         <core><![CDATA[1706-10-01]]></core>   </ELEMENT>
   <ELEMENT NAME="obs" CLASS="obs">
         <core><![CDATA[01.10.1706]]></core>   </ELEMENT>
   <ELEMENT NAME="id" CLASS="id">
         <core><![CDATA[t140337-att21-3]]></core>   </ELEMENT>
   <ELEMENT NAME="entity" CLASS="entity">
         <core><![CDATA[t140337]]></core>   </ELEMENT>
</GROUP>

<GROUP ID="t140337-att22-3" NAME="ls" CLASS="attribute" ORDER="26" LEVEL="4" LINE="29">
    <ELEMENT NAME="line" CLASS="line"><core>29</core></ELEMENT>
    <ELEMENT NAME="id" CLASS="id"><core>t140337-att22-3</core></ELEMENT>
    <ELEMENT NAME="groupname" CLASS="groupname"><core>ls</core></ELEMENT>
   <ELEMENT NAME="inside" CLASS="inside"><core>t140337</core></ELEMENT>
   <ELEMENT NAME="class" CLASS="class"><core>attribute</core></ELEMENT>
    <ELEMENT NAME="order" CLASS="order"><core>26</core></ELEMENT>
    <ELEMENT NAME="level" CLASS="level"><core>4</core></ELEMENT>
   <ELEMENT NAME="tipo" CLASS="type">
         <core><![CDATA[matricula.ano]]></core>   </ELEMENT>
   <ELEMENT NAME="valor" CLASS="value">
         <core><![CDATA[Cânones.1706]]></core>   </ELEMENT>
   <ELEMENT NAME="data" CLASS="date">
         <core><![CDATA[1706-10-01]]></core>   </ELEMENT>
   <ELEMENT NAME="obs" CLASS="obs">
         <core><![CDATA[01.10.1706]]></core>   </ELEMENT>
   <ELEMENT NAME="id" CLASS="id">
         <core><![CDATA[t140337-att22-3]]></core>   </ELEMENT>
   <ELEMENT NAME="entity" CLASS="entity">
         <core><![CDATA[t140337]]></core>   </ELEMENT>
</GROUP>

<GROUP ID="t140337-att23-3" NAME="ls" CLASS="attribute" ORDER="27" LEVEL="4" LINE="30">
    <ELEMENT NAME="line" CLASS="line"><core>30</core></ELEMENT>
    <ELEMENT NAME="id" CLASS="id"><core>t140337-att23-3</core></ELEMENT>
    <ELEMENT NAME="groupname" CLASS="groupname"><core>ls</core></ELEMENT>
   <ELEMENT NAME="inside" CLASS="inside"><core>t140337</core></ELEMENT>
   <ELEMENT NAME="class" CLASS="class"><core>attribute</core></ELEMENT>
    <ELEMENT NAME="order" CLASS="order"><core>27</core></ELEMENT>
    <ELEMENT NAME="level" CLASS="level"><core>4</core></ELEMENT>
   <ELEMENT NAME="tipo" CLASS="type">
         <core><![CDATA[matricula]]></core>   </ELEMENT>
   <ELEMENT NAME="valor" CLASS="value">
         <core><![CDATA[Cânones]]></core>   </ELEMENT>
   <ELEMENT NAME="data" CLASS="date">
         <core><![CDATA[1707-01-01]]></core>   </ELEMENT>
   <ELEMENT NAME="obs" CLASS="obs">
         <core><![CDATA[01.01.1707]]></core>   </ELEMENT>
   <ELEMENT NAME="id" CLASS="id">
         <core><![CDATA[t140337-att23-3]]></core>   </ELEMENT>
   <ELEMENT NAME="entity" CLASS="entity">
         <core><![CDATA[t140337]]></core>   </ELEMENT>
</GROUP>

<GROUP ID="t140337-att24-3" NAME="ls" CLASS="attribute" ORDER="28" LEVEL="4" LINE="31">
    <ELEMENT NAME="line" CLASS="line"><core>31</core></ELEMENT>
    <ELEMENT NAME="id" CLASS="id"><core>t140337-att24-3</core></ELEMENT>
    <ELEMENT NAME="groupname" CLASS="groupname"><core>ls</core></ELEMENT>
   <ELEMENT NAME="inside" CLASS="inside"><core>t140337</core></ELEMENT>
   <ELEMENT NAME="class" CLASS="class"><core>attribute</core></ELEMENT>
    <ELEMENT NAME="order" CLASS="order"><core>28</core></ELEMENT>
    <ELEMENT NAME="level" CLASS="level"><core>4</core></ELEMENT>
   <ELEMENT NAME="tipo" CLASS="type">
         <core><![CDATA[matricula.ano]]></core>   </ELEMENT>
   <ELEMENT NAME="valor" CLASS="value">
         <core><![CDATA[Cânones.1707]]></core>   </ELEMENT>
   <ELEMENT NAME="data" CLASS="date">
         <core><![CDATA[1707-01-01]]></core>   </ELEMENT>
   <ELEMENT NAME="obs" CLASS="obs">
         <core><![CDATA[01.01.1707]]></core>   </ELEMENT>
   <ELEMENT NAME="id" CLASS="id">
         <core><![CDATA[t140337-att24-3]]></core>   </ELEMENT>
   <ELEMENT NAME="entity" CLASS="entity">
         <core><![CDATA[t140337]]></core>   </ELEMENT>
</GROUP>

<GROUP ID="t140337-att25-3" NAME="ls" CLASS="attribute" ORDER="29" LEVEL="4" LINE="32">
    <ELEMENT NAME="line" CLASS="line"><core>32</core></ELEMENT>
    <ELEMENT NAME="id" CLASS="id"><core>t140337-att25-3</core></ELEMENT>
    <ELEMENT NAME="groupname" CLASS="groupname"><core>ls</core></ELEMENT>
   <ELEMENT NAME="inside" CLASS="inside"><core>t140337</core></ELEMENT>
   <ELEMENT NAME="class" CLASS="class"><core>attribute</core></ELEMENT>
    <ELEMENT NAME="order" CLASS="order"><core>29</core></ELEMENT>
    <ELEMENT NAME="level" CLASS="level"><core>4</core></ELEMENT>
   <ELEMENT NAME="tipo" CLASS="type">
         <core><![CDATA[matricula]]></core>   </ELEMENT>
   <ELEMENT NAME="valor" CLASS="value">
         <core><![CDATA[Cânones]]></core>   </ELEMENT>
   <ELEMENT NAME="data" CLASS="date">
         <core><![CDATA[1708-10-01]]></core>   </ELEMENT>
   <ELEMENT NAME="obs" CLASS="obs">
         <core><![CDATA[01.10.1708]]></core>   </ELEMENT>
   <ELEMENT NAME="id" CLASS="id">
         <core><![CDATA[t140337-att25-3]]></core>   </ELEMENT>
   <ELEMENT NAME="entity" CLASS="entity">
         <core><![CDATA[t140337]]></core>   </ELEMENT>
</GROUP>

<GROUP ID="t140337-att26-3" NAME="ls" CLASS="attribute" ORDER="30" LEVEL="4" LINE="33">
    <ELEMENT NAME="line" CLASS="line"><core>33</core></ELEMENT>
    <ELEMENT NAME="id" CLASS="id"><core>t140337-att26-3</core></ELEMENT>
    <ELEMENT NAME="groupname" CLASS="groupname"><core>ls</core></ELEMENT>
   <ELEMENT NAME="inside" CLASS="inside"><core>t140337</core></ELEMENT>
   <ELEMENT NAME="class" CLASS="class"><core>attribute</core></ELEMENT>
    <ELEMENT NAME="order" CLASS="order"><core>30</core></ELEMENT>
    <ELEMENT NAME="level" CLASS="level"><core>4</core></ELEMENT>
   <ELEMENT NAME="tipo" CLASS="type">
         <core><![CDATA[matricula.ano]]></core>   </ELEMENT>
   <ELEMENT NAME="valor" CLASS="value">
         <core><![CDATA[Cânones.1708]]></core>   </ELEMENT>
   <ELEMENT NAME="data" CLASS="date">
         <core><![CDATA[1708-10-01]]></core>   </ELEMENT>
   <ELEMENT NAME="obs" CLASS="obs">
         <core><![CDATA[01.10.1708]]></core>   </ELEMENT>
   <ELEMENT NAME="id" CLASS="id">
         <core><![CDATA[t140337-att26-3]]></core>   </ELEMENT>
   <ELEMENT NAME="entity" CLASS="entity">
         <core><![CDATA[t140337]]></core>   </ELEMENT>
</GROUP>

<GROUP ID="t140337-att27-3" NAME="ls" CLASS="attribute" ORDER="31" LEVEL="4" LINE="34">
    <ELEMENT NAME="line" CLASS="line"><core>34</core></ELEMENT>
    <ELEMENT NAME="id" CLASS="id"><core>t140337-att27-3</core></ELEMENT>
    <ELEMENT NAME="groupname" CLASS="groupname"><core>ls</core></ELEMENT>
   <ELEMENT NAME="inside" CLASS="inside"><core>t140337</core></ELEMENT>
   <ELEMENT NAME="class" CLASS="class"><core>attribute</core></ELEMENT>
    <ELEMENT NAME="order" CLASS="order"><core>31</core></ELEMENT>
    <ELEMENT NAME="level" CLASS="level"><core>4</core></ELEMENT>
   <ELEMENT NAME="tipo" CLASS="type">
         <core><![CDATA[matricula]]></core>   </ELEMENT>
   <ELEMENT NAME="valor" CLASS="value">
         <core><![CDATA[Cânones]]></core>   </ELEMENT>
   <ELEMENT NAME="data" CLASS="date">
         <core><![CDATA[1709-10-01]]></core>   </ELEMENT>
   <ELEMENT NAME="obs" CLASS="obs">
         <core><![CDATA[01.10.1709]]></core>   </ELEMENT>
   <ELEMENT NAME="id" CLASS="id">
         <core><![CDATA[t140337-att27-3]]></core>   </ELEMENT>
   <ELEMENT NAME="entity" CLASS="entity">
         <core><![CDATA[t140337]]></core>   </ELEMENT>
</GROUP>

<GROUP ID="t140337-att28-3" NAME="ls" CLASS="attribute" ORDER="32" LEVEL="4" LINE="35">
    <ELEMENT NAME="line" CLASS="line"><core>35</core></ELEMENT>
    <ELEMENT NAME="id" CLASS="id"><core>t140337-att28-3</core></ELEMENT>
    <ELEMENT NAME="groupname" CLASS="groupname"><core>ls</core></ELEMENT>
   <ELEMENT NAME="inside" CLASS="inside"><core>t140337</core></ELEMENT>
   <ELEMENT NAME="class" CLASS="class"><core>attribute</core></ELEMENT>
    <ELEMENT NAME="order" CLASS="order"><core>32</core></ELEMENT>
    <ELEMENT NAME="level" CLASS="level"><core>4</core></ELEMENT>
   <ELEMENT NAME="tipo" CLASS="type">
         <core><![CDATA[matricula.ano]]></core>   </ELEMENT>
   <ELEMENT NAME="valor" CLASS="value">
         <core><![CDATA[Cânones.1709]]></core>   </ELEMENT>
   <ELEMENT NAME="data" CLASS="date">
         <core><![CDATA[1709-10-01]]></core>   </ELEMENT>
   <ELEMENT NAME="obs" CLASS="obs">
         <core><![CDATA[01.10.1709]]></core>   </ELEMENT>
   <ELEMENT NAME="id" CLASS="id">
         <core><![CDATA[t140337-att28-3]]></core>   </ELEMENT>
   <ELEMENT NAME="entity" CLASS="entity">
         <core><![CDATA[t140337]]></core>   </ELEMENT>
</GROUP>

<GROUP ID="t140337-att29-3" NAME="ls" CLASS="attribute" ORDER="33" LEVEL="4" LINE="36">
    <ELEMENT NAME="line" CLASS="line"><core>36</core></ELEMENT>
    <ELEMENT NAME="id" CLASS="id"><core>t140337-att29-3</core></ELEMENT>
    <ELEMENT NAME="groupname" CLASS="groupname"><core>ls</core></ELEMENT>
   <ELEMENT NAME="inside" CLASS="inside"><core>t140337</core></ELEMENT>
   <ELEMENT NAME="class" CLASS="class"><core>attribute</core></ELEMENT>
    <ELEMENT NAME="order" CLASS="order"><core>33</core></ELEMENT>
    <ELEMENT NAME="level" CLASS="level"><core>4</core></ELEMENT>
   <ELEMENT NAME="tipo" CLASS="type">
         <core><![CDATA[matricula]]></core>   </ELEMENT>
   <ELEMENT NAME="valor" CLASS="value">
         <core><![CDATA[Cânones]]></core>   </ELEMENT>
   <ELEMENT NAME="data" CLASS="date">
         <core><![CDATA[1710-10-01]]></core>   </ELEMENT>
   <ELEMENT NAME="obs" CLASS="obs">
         <core><![CDATA[01.10.1710]]></core>   </ELEMENT>
   <ELEMENT NAME="id" CLASS="id">
         <core><![CDATA[t140337-att29-3]]></core>   </ELEMENT>
   <ELEMENT NAME="entity" CLASS="entity">
         <core><![CDATA[t140337]]></core>   </ELEMENT>
</GROUP>

<GROUP ID="t140337-att30-3" NAME="ls" CLASS="attribute" ORDER="34" LEVEL="4" LINE="37">
    <ELEMENT NAME="line" CLASS="line"><core>37</core></ELEMENT>
    <ELEMENT NAME="id" CLASS="id"><core>t140337-att30-3</core></ELEMENT>
    <ELEMENT NAME="groupname" CLASS="groupname"><core>ls</core></ELEMENT>
   <ELEMENT NAME="inside" CLASS="inside"><core>t140337</core></ELEMENT>
   <ELEMENT NAME="class" CLASS="class"><core>attribute</core></ELEMENT>
    <ELEMENT NAME="order" CLASS="order"><core>34</core></ELEMENT>
    <ELEMENT NAME="level" CLASS="level"><core>4</core></ELEMENT>
   <ELEMENT NAME="tipo" CLASS="type">
         <core><![CDATA[matricula.ano]]></core>   </ELEMENT>
   <ELEMENT NAME="valor" CLASS="value">
         <core><![CDATA[Cânones.1710]]></core>   </ELEMENT>
   <ELEMENT NAME="data" CLASS="date">
         <core><![CDATA[1710-10-01]]></core>   </ELEMENT>
   <ELEMENT NAME="obs" CLASS="obs">
         <core><![CDATA[01.10.1710]]></core>   </ELEMENT>
   <ELEMENT NAME="id" CLASS="id">
         <core><![CDATA[t140337-att30-3]]></core>   </ELEMENT>
   <ELEMENT NAME="entity" CLASS="entity">
         <core><![CDATA[t140337]]></core>   </ELEMENT>
</GROUP>

<GROUP ID="t140337-att31-3" NAME="ls" CLASS="attribute" ORDER="35" LEVEL="4" LINE="38">
    <ELEMENT NAME="line" CLASS="line"><core>38</core></ELEMENT>
    <ELEMENT NAME="id" CLASS="id"><core>t140337-att31-3</core></ELEMENT>
    <ELEMENT NAME="groupname" CLASS="groupname"><core>ls</core></ELEMENT>
   <ELEMENT NAME="inside" CLASS="inside"><core>t140337</core></ELEMENT>
   <ELEMENT NAME="class" CLASS="class"><core>attribute</core></ELEMENT>
    <ELEMENT NAME="order" CLASS="order"><core>35</core></ELEMENT>
    <ELEMENT NAME="level" CLASS="level"><core>4</core></ELEMENT>
   <ELEMENT NAME="tipo" CLASS="type">
         <core><![CDATA[matricula]]></core>   </ELEMENT>
   <ELEMENT NAME="valor" CLASS="value">
         <core><![CDATA[Cânones]]></core>   </ELEMENT>
   <ELEMENT NAME="data" CLASS="date">
         <core><![CDATA[1709-06-28]]></core>   </ELEMENT>
   <ELEMENT NAME="obs" CLASS="obs">
         <core><![CDATA[28.06.1709]]></core>   </ELEMENT>
   <ELEMENT NAME="id" CLASS="id">
         <core><![CDATA[t140337-att31-3]]></core>   </ELEMENT>
   <ELEMENT NAME="entity" CLASS="entity">
         <core><![CDATA[t140337]]></core>   </ELEMENT>
</GROUP>

<GROUP ID="t140337-att32-3" NAME="ls" CLASS="attribute" ORDER="36" LEVEL="4" LINE="39">
    <ELEMENT NAME="line" CLASS="line"><core>39</core></ELEMENT>
    <ELEMENT NAME="id" CLASS="id"><core>t140337-att32-3</core></ELEMENT>
    <ELEMENT NAME="groupname" CLASS="groupname"><core>ls</core></ELEMENT>
   <ELEMENT NAME="inside" CLASS="inside"><core>t140337</core></ELEMENT>
   <ELEMENT NAME="class" CLASS="class"><core>attribute</core></ELEMENT>
    <ELEMENT NAME="order" CLASS="order"><core>36</core></ELEMENT>
    <ELEMENT NAME="level" CLASS="level"><core>4</core></ELEMENT>
   <ELEMENT NAME="tipo" CLASS="type">
         <core><![CDATA[matricula.ano]]></core>   </ELEMENT>
   <ELEMENT NAME="valor" CLASS="value">
         <core><![CDATA[Cânones.1709]]></core>   </ELEMENT>
   <ELEMENT NAME="data" CLASS="date">
         <core><![CDATA[1709-06-28]]></core>   </ELEMENT>
   <ELEMENT NAME="obs" CLASS="obs">
         <core><![CDATA[28.06.1709]]></core>   </ELEMENT>
   <ELEMENT NAME="id" CLASS="id">
         <core><![CDATA[t140337-att32-3]]></core>   </ELEMENT>
   <ELEMENT NAME="entity" CLASS="entity">
         <core><![CDATA[t140337]]></core>   </ELEMENT>
</GROUP>

<GROUP ID="t140337-att33-3" NAME="ls" CLASS="attribute" ORDER="37" LEVEL="4" LINE="40">
    <ELEMENT NAME="line" CLASS="line"><core>40</core></ELEMENT>
    <ELEMENT NAME="id" CLASS="id"><core>t140337-att33-3</core></ELEMENT>
    <ELEMENT NAME="groupname" CLASS="groupname"><core>ls</core></ELEMENT>
   <ELEMENT NAME="inside" CLASS="inside"><core>t140337</core></ELEMENT>
   <ELEMENT NAME="class" CLASS="class"><core>attribute</core></ELEMENT>
    <ELEMENT NAME="order" CLASS="order"><core>37</core></ELEMENT>
    <ELEMENT NAME="level" CLASS="level"><core>4</core></ELEMENT>
   <ELEMENT NAME="tipo" CLASS="type">
         <core><![CDATA[grau]]></core>   </ELEMENT>
   <ELEMENT NAME="valor" CLASS="value">
         <core><![CDATA[Bacharel]]></core>   </ELEMENT>
   <ELEMENT NAME="data" CLASS="date">
         <core><![CDATA[1709-06-28:]]></core>   </ELEMENT>
   <ELEMENT NAME="obs" CLASS="obs">
         <core><![CDATA[28.06.1709]]></core>   </ELEMENT>
   <ELEMENT NAME="id" CLASS="id">
         <core><![CDATA[t140337-att33-3]]></core>   </ELEMENT>
   <ELEMENT NAME="entity" CLASS="entity">
         <core><![CDATA[t140337]]></core>   </ELEMENT>
</GROUP>

<GROUP ID="t140337-att34-3" NAME="ls" CLASS="attribute" ORDER="38" LEVEL="4" LINE="42">
    <ELEMENT NAME="line" CLASS="line"><core>42</core></ELEMENT>
    <ELEMENT NAME="id" CLASS="id"><core>t140337-att34-3</core></ELEMENT>
    <ELEMENT NAME="groupname" CLASS="groupname"><core>ls</core></ELEMENT>
   <ELEMENT NAME="inside" CLASS="inside"><core>t140337</core></ELEMENT>
   <ELEMENT NAME="class" CLASS="class"><core>attribute</core></ELEMENT>
    <ELEMENT NAME="order" CLASS="order"><core>38</core></ELEMENT>
    <ELEMENT NAME="level" CLASS="level"><core>4</core></ELEMENT>
   <ELEMENT NAME="tipo" CLASS="type">
         <core><![CDATA[grau.ano]]></core>   </ELEMENT>
   <ELEMENT NAME="valor" CLASS="value">
         <core><![CDATA[Bacharel.1709]]></core>   </ELEMENT>
   <ELEMENT NAME="data" CLASS="date">
         <core><![CDATA[1709-06-28]]></core>   </ELEMENT>
   <ELEMENT NAME="obs" CLASS="obs">
         <core><![CDATA[28.06.1709]]></core>   </ELEMENT>
   <ELEMENT NAME="id" CLASS="id">
         <core><![CDATA[t140337-att34-3]]></core>   </ELEMENT>
   <ELEMENT NAME="entity" CLASS="entity">
         <core><![CDATA[t140337]]></core>   </ELEMENT>
</GROUP>

<GROUP ID="140337-pai" NAME="pai" CLASS="person" ORDER="39" LEVEL="4" LINE="43">
    <ELEMENT NAME="line" CLASS="line"><core>43</core></ELEMENT>
    <ELEMENT NAME="id" CLASS="id"><core>140337-pai</core></ELEMENT>
    <ELEMENT NAME="groupname" CLASS="groupname"><core>pai</core></ELEMENT>
   <ELEMENT NAME="inside" CLASS="inside"><core>t140337</core></ELEMENT>
   <ELEMENT NAME="class" CLASS="class"><core>person</core></ELEMENT>
    <ELEMENT NAME="order" CLASS="order"><core>39</core></ELEMENT>
    <ELEMENT NAME="level" CLASS="level"><core>4</core></ELEMENT>
   <ELEMENT NAME="nome" CLASS="name">
         <core><![CDATA[António Pinto]]></core>   </ELEMENT>
   <ELEMENT NAME="sex" CLASS="sex">
         <core><![CDATA[m]]></core>   </ELEMENT>
</GROUP>

<GROUP ID="t140337-rela2" NAME="relation"  ORDER="40" LEVEL="5" CLASS="relation" LINE="43">
    <ELEMENT NAME="line" CLASS="line"><core>43</core></ELEMENT>
    <ELEMENT NAME="groupname" CLASS="groupname"><core>relation</core></ELEMENT>
    <ELEMENT NAME="inside" CLASS="inside"><core>140337-pai</core></ELEMENT>
    <ELEMENT NAME="class" CLASS="class"><core>relation</core></ELEMENT>
    <ELEMENT NAME="order" CLASS="order"><core>40</core></ELEMENT>
    <ELEMENT NAME="level" CLASS="level"><core>5</core></ELEMENT>
    <ELEMENT NAME="type" CLASS="type"><core>function-in-act</core></ELEMENT>
    <ELEMENT NAME="value" CLASS="value"><core>pai</core></ELEMENT>
    <ELEMENT NAME="destname" CLASS="destname"><core>lista</core></ELEMENT>
    <ELEMENT NAME="origin" CLASS="origin"><core>140337-pai</core></ELEMENT>
    <ELEMENT NAME="destination" CLASS="destination"><core>lista-test-atr-dates</core></ELEMENT>
    <ELEMENT NAME="id" CLASS="id"><core>t140337-rela2</core></ELEMENT>
    <ELEMENT NAME="date" CLASS="date"><core>20200211</core></ELEMENT>
</GROUP>
<GROUP ID="lista-test-atr-dates-rela3" NAME="relation"  ORDER="41" LEVEL="5" CLASS="relation" LINE="43">
    <ELEMENT NAME="line" CLASS="line"><core>43</core></ELEMENT>
    <ELEMENT NAME="groupname" CLASS="groupname"><core>relation</core></ELEMENT>
    <ELEMENT NAME="inside" CLASS="inside"><core>lista-test-atr-dates</core></ELEMENT>
    <ELEMENT NAME="class" CLASS="class"><core>relation</core></ELEMENT>
    <ELEMENT NAME="order" CLASS="order"><core>41</core></ELEMENT>
    <ELEMENT NAME="level" CLASS="level"><core>5</core></ELEMENT>
    <ELEMENT NAME="type" CLASS="type"><core>parentesco</core></ELEMENT>
    <ELEMENT NAME="value" CLASS="value"><core>pai</core></ELEMENT>
    <ELEMENT NAME="destname" CLASS="destname"><core>n/a</core></ELEMENT>
    <ELEMENT NAME="origin" CLASS="origin"><core>140337-pai</core></ELEMENT>
    <ELEMENT NAME="destination" CLASS="destination"><core>t140337</core></ELEMENT>
    <ELEMENT NAME="id" CLASS="id"><core>lista-test-atr-dates-rela3</core></ELEMENT>
    <ELEMENT NAME="date" CLASS="date"><core>20200211</core></ELEMENT>
</GROUP></KLEIO>
